{
"contracts\\Proxy.sol":{"l":{"35":1,"36":1,"44":1,"45":1,"46":1,"47":1,"50":1,"68":1,"70":1,"71":1,"77":0,"78":0,"79":0,"80":0,"86":0,"87":0,"88":0,"89":0},"path":"C:\\Users\\khera\\Documents\\GitHub\\Gnosis\\contracts\\Proxy.sol","s":{"1":1,"2":1,"3":1,"4":1,"5":1,"6":1,"7":1,"8":1,"9":0,"10":0,"11":0,"12":0,"13":0,"14":0},"b":{"1":[1,0],"2":[1,0],"3":[0,0]},"f":{"1":1,"2":1},"fnMap":{"1":{"name":"constructor","line":32,"loc":{"start":{"line":32,"column":4},"end":{"line":37,"column":4}}},"2":{"name":"","line":40,"loc":{"start":{"line":40,"column":4},"end":{"line":95,"column":4}}}},"statementMap":{"1":{"start":{"line":35,"column":8},"end":{"line":35,"column":81}},"2":{"start":{"line":36,"column":8},"end":{"line":36,"column":31}},"3":{"start":{"line":44,"column":8},"end":{"line":44,"column":36}},"4":{"start":{"line":45,"column":8},"end":{"line":45,"column":32}},"5":{"start":{"line":46,"column":8},"end":{"line":46,"column":20}},"6":{"start":{"line":47,"column":8},"end":{"line":47,"column":31}},"7":{"start":{"line":68,"column":8},"end":{"line":68,"column":82}},"8":{"start":{"line":70,"column":8},"end":{"line":70,"column":2668}},"9":{"start":{"line":77,"column":12},"end":{"line":77,"column":80}},"10":{"start":{"line":78,"column":12},"end":{"line":78,"column":81}},"11":{"start":{"line":79,"column":12},"end":{"line":79,"column":3068}},"12":{"start":{"line":86,"column":16},"end":{"line":86,"column":89}},"13":{"start":{"line":87,"column":16},"end":{"line":87,"column":81}},"14":{"start":{"line":88,"column":16},"end":{"line":88,"column":109}}},"branchMap":{"1":{"line":35,"type":"if","locations":[{"start":{"line":35,"column":8},"end":{"line":35,"column":8}},{"start":{"line":35,"column":8},"end":{"line":35,"column":8}}]},"2":{"line":70,"type":"if","locations":[{"start":{"line":70,"column":8},"end":{"line":70,"column":8}},{"start":{"line":70,"column":8},"end":{"line":70,"column":8}}]},"3":{"line":79,"type":"if","locations":[{"start":{"line":79,"column":12},"end":{"line":79,"column":12}},{"start":{"line":79,"column":12},"end":{"line":79,"column":12}}]}}},
"contracts\\ProxyFactory.sol":{"l":{"38":4,"39":4,"50":0,"51":0,"53":0,"56":0,"61":0,"66":0,"79":1,"80":1,"82":1,"85":1,"97":1,"98":1,"100":1,"105":1},"path":"C:\\Users\\khera\\Documents\\GitHub\\Gnosis\\contracts\\ProxyFactory.sol","s":{"1":4,"2":4,"3":0,"4":0,"5":0,"6":0,"7":0,"8":1,"9":1,"10":1,"11":1,"12":1,"13":1},"b":{"1":[0,0],"2":[1,0],"3":[1,0]},"f":{"1":4,"2":0,"3":0,"4":0,"5":1,"6":1},"fnMap":{"1":{"name":"constructor","line":37,"loc":{"start":{"line":37,"column":4},"end":{"line":40,"column":4}}},"2":{"name":"createProxy","line":46,"loc":{"start":{"line":46,"column":4},"end":{"line":57,"column":4}}},"3":{"name":"proxyRuntimeCode","line":60,"loc":{"start":{"line":60,"column":4},"end":{"line":62,"column":4}}},"4":{"name":"proxyCreationCode","line":65,"loc":{"start":{"line":65,"column":4},"end":{"line":67,"column":4}}},"5":{"name":"deployProxyWithNonce","line":74,"loc":{"start":{"line":74,"column":4},"end":{"line":86,"column":4}}},"6":{"name":"createProxyWithNonce","line":92,"loc":{"start":{"line":92,"column":4},"end":{"line":106,"column":4}}}},"statementMap":{"1":{"start":{"line":38,"column":8},"end":{"line":38,"column":29}},"2":{"start":{"line":39,"column":8},"end":{"line":39,"column":31}},"3":{"start":{"line":50,"column":8},"end":{"line":50,"column":36}},"4":{"start":{"line":51,"column":8},"end":{"line":51,"column":1668}},"5":{"start":{"line":56,"column":8},"end":{"line":56,"column":33}},"6":{"start":{"line":61,"column":8},"end":{"line":61,"column":38}},"7":{"start":{"line":66,"column":8},"end":{"line":66,"column":39}},"8":{"start":{"line":79,"column":8},"end":{"line":79,"column":85}},"9":{"start":{"line":80,"column":8},"end":{"line":80,"column":102}},"10":{"start":{"line":85,"column":8},"end":{"line":85,"column":67}},"11":{"start":{"line":97,"column":8},"end":{"line":97,"column":72}},"12":{"start":{"line":98,"column":8},"end":{"line":98,"column":4345}},"13":{"start":{"line":105,"column":8},"end":{"line":105,"column":33}}},"branchMap":{"1":{"line":51,"type":"if","locations":[{"start":{"line":51,"column":8},"end":{"line":51,"column":8}},{"start":{"line":51,"column":8},"end":{"line":51,"column":8}}]},"2":{"line":85,"type":"if","locations":[{"start":{"line":85,"column":8},"end":{"line":85,"column":8}},{"start":{"line":85,"column":8},"end":{"line":85,"column":8}}]},"3":{"line":98,"type":"if","locations":[{"start":{"line":98,"column":8},"end":{"line":98,"column":8}},{"start":{"line":98,"column":8},"end":{"line":98,"column":8}}]}}}}
