TN:
SF:C:\Users\khera\Documents\GitHub\Gnosis\contracts\Proxy.sol
FN:32,constructor
FN:40,
FNF:2
FNH:2
FNDA:1,constructor
FNDA:1,
DA:35,1
DA:36,1
DA:44,1
DA:45,1
DA:46,1
DA:47,1
DA:50,1
DA:68,1
DA:70,1
DA:71,1
DA:77,0
DA:78,0
DA:79,0
DA:80,0
DA:86,0
DA:87,0
DA:88,0
DA:89,0
LF:18
LH:10
BRDA:35,1,0,1
BRDA:35,1,1,0
BRDA:70,2,0,1
BRDA:70,2,1,0
BRDA:79,3,0,0
BRDA:79,3,1,0
BRF:6
BRH:2
end_of_record
TN:
SF:C:\Users\khera\Documents\GitHub\Gnosis\contracts\ProxyFactory.sol
FN:37,constructor
FN:46,createProxy
FN:60,proxyRuntimeCode
FN:65,proxyCreationCode
FN:74,deployProxyWithNonce
FN:92,createProxyWithNonce
FNF:6
FNH:3
FNDA:4,constructor
FNDA:0,createProxy
FNDA:0,proxyRuntimeCode
FNDA:0,proxyCreationCode
FNDA:1,deployProxyWithNonce
FNDA:1,createProxyWithNonce
DA:38,4
DA:39,4
DA:50,0
DA:51,0
DA:53,0
DA:56,0
DA:61,0
DA:66,0
DA:79,1
DA:80,1
DA:82,1
DA:85,1
DA:97,1
DA:98,1
DA:100,1
DA:105,1
LF:16
LH:10
BRDA:51,1,0,0
BRDA:51,1,1,0
BRDA:85,2,0,1
BRDA:85,2,1,0
BRDA:98,3,0,1
BRDA:98,3,1,0
BRF:6
BRH:2
end_of_record
